# JRE version: OpenJDK Runtime Environment Corretto-21.0.4.7.1 (21.0.4+7) (build 21.0.4+7-LTS)
# Java VM: OpenJDK 64-Bit Server VM Corretto-21.0.4.7.1 (21.0.4+7-LTS, mixed mode, sharing, tiered, compressed oops, compressed class ptrs, g1 gc, linux-amd64)
GC Precious Log:
 CardTable entry size: 512
 Card Set container configuration: InlinePtr #cards 4 size 8 Array Of Cards #cards 32 size 80 Howl #buckets 8 coarsen threshold 7372 Howl Bitmap #cards 1024 size 144 coarsen threshold 921 Card regions per heap region 1 cards per card region 8192
 CPUs: 20 total, 20 available
 Memory: 31925M
 Large Page Support: Disabled
 NUMA Support: Disabled
 Compressed Oops: Enabled (Zero based)
 Heap Region Size: 4M
 Heap Min Capacity: 8M
 Heap Initial Capacity: 500M
 Heap Max Capacity: 7984M
 Pre-touch: Disabled
 Parallel Workers: 15
 Concurrent Workers: 4
 Concurrent Refinement Workers: 15
 Periodic GC: Disabled
Heap:
 garbage-first heap   total 1597440K, used 1279904K [0x000000060d000000, 0x0000000800000000)
  region size 4096K, 184 young (753664K), 25 survivors (102400K)
 Metaspace       used 90691K, committed 91840K, reserved 1179648K
  class space    used 12334K, committed 12864K, reserved 1048576K
GC Heap History (20 events):
Event: 1.895 GC heap before
{Heap before GC invocations=10 (full 0):
 garbage-first heap   total 1605632K, used 472828K [0x000000060d000000, 0x0000000800000000)
  region size 4096K, 19 young (77824K), 16 survivors (65536K)
 Metaspace       used 18501K, committed 18816K, reserved 1114112K
  class space    used 1980K, committed 2112K, reserved 1048576K
}
Event: 1.905 GC heap after
{Heap after GC invocations=11 (full 0):
 garbage-first heap   total 1605632K, used 486099K [0x000000060d000000, 0x0000000800000000)
  region size 4096K, 3 young (12288K), 3 survivors (12288K)
 Metaspace       used 18501K, committed 18816K, reserved 1114112K
  class space    used 1980K, committed 2112K, reserved 1048576K
}
Event: 2.083 GC heap before
{Heap before GC invocations=11 (full 0):
 garbage-first heap   total 1605632K, used 563923K [0x000000060d000000, 0x0000000800000000)
  region size 4096K, 23 young (94208K), 3 survivors (12288K)
 Metaspace       used 21262K, committed 21504K, reserved 1114112K
  class space    used 2336K, committed 2432K, reserved 1048576K
}
Event: 2.088 GC heap after
{Heap after GC invocations=12 (full 0):
 garbage-first heap   total 1605632K, used 509718K [0x000000060d000000, 0x0000000800000000)
  region size 4096K, 9 young (36864K), 9 survivors (36864K)
 Metaspace       used 21262K, committed 21504K, reserved 1114112K
  class space    used 2336K, committed 2432K, reserved 1048576K
}
Event: 2.772 GC heap before
{Heap before GC invocations=13 (full 0):
 garbage-first heap   total 1597440K, used 771862K [0x000000060d000000, 0x0000000800000000)
  region size 4096K, 79 young (323584K), 9 survivors (36864K)
 Metaspace       used 30078K, committed 30656K, reserved 1114112K
  class space    used 3391K, committed 3648K, reserved 1048576K
}
Event: 2.778 GC heap after
{Heap after GC invocations=14 (full 0):
 garbage-first heap   total 1597440K, used 501840K [0x000000060d000000, 0x0000000800000000)
  region size 4096K, 4 young (16384K), 4 survivors (16384K)
 Metaspace       used 30078K, committed 30656K, reserved 1114112K
  class space    used 3391K, committed 3648K, reserved 1048576K
}
Event: 3.316 GC heap before
{Heap before GC invocations=14 (full 0):
 garbage-first heap   total 1597440K, used 788560K [0x000000060d000000, 0x0000000800000000)
  region size 4096K, 75 young (307200K), 4 survivors (16384K)
 Metaspace       used 36087K, committed 36736K, reserved 1114112K
  class space    used 4103K, committed 4416K, reserved 1048576K
}
Event: 3.319 GC heap after
{Heap after GC invocations=15 (full 0):
 garbage-first heap   total 1597440K, used 484978K [0x000000060d000000, 0x0000000800000000)
  region size 4096K, 5 young (20480K), 5 survivors (20480K)
 Metaspace       used 36087K, committed 36736K, reserved 1114112K
  class space    used 4103K, committed 4416K, reserved 1048576K
}
Event: 3.337 GC heap before
{Heap before GC invocations=15 (full 0):
 garbage-first heap   total 1597440K, used 493170K [0x000000060d000000, 0x0000000800000000)
  region size 4096K, 8 young (32768K), 5 survivors (20480K)
 Metaspace       used 36421K, committed 37056K, reserved 1114112K
  class space    used 4179K, committed 4480K, reserved 1048576K
}
Event: 3.340 GC heap after
{Heap after GC invocations=16 (full 0):
 garbage-first heap   total 1597440K, used 485399K [0x000000060d000000, 0x0000000800000000)
  region size 4096K, 5 young (20480K), 5 survivors (20480K)
 Metaspace       used 36421K, committed 37056K, reserved 1114112K
  class space    used 4179K, committed 4480K, reserved 1048576K
}
Event: 4.449 GC heap before
{Heap before GC invocations=17 (full 0):
 garbage-first heap   total 1597440K, used 1099799K [0x000000060d000000, 0x0000000800000000)
  region size 4096K, 155 young (634880K), 5 survivors (20480K)
 Metaspace       used 47475K, committed 48256K, reserved 1114112K
  class space    used 5607K, committed 6016K, reserved 1048576K
}
Event: 4.460 GC heap after
{Heap after GC invocations=18 (full 0):
 garbage-first heap   total 1597440K, used 535481K [0x000000060d000000, 0x0000000800000000)
  region size 4096K, 17 young (69632K), 17 survivors (69632K)
 Metaspace       used 47475K, committed 48256K, reserved 1114112K
  class space    used 5607K, committed 6016K, reserved 1048576K
}
Event: 5.254 GC heap before
{Heap before GC invocations=18 (full 0):
 garbage-first heap   total 1597440K, used 1002425K [0x000000060d000000, 0x0000000800000000)
  region size 4096K, 132 young (540672K), 17 survivors (69632K)
 Metaspace       used 62110K, committed 63040K, reserved 1114112K
  class space    used 8592K, committed 9024K, reserved 1048576K
}
Event: 5.268 GC heap after
{Heap after GC invocations=19 (full 0):
 garbage-first heap   total 1597440K, used 549992K [0x000000060d000000, 0x0000000800000000)
  region size 4096K, 21 young (86016K), 21 survivors (86016K)
 Metaspace       used 62110K, committed 63040K, reserved 1114112K
  class space    used 8592K, committed 9024K, reserved 1048576K
}
Event: 5.279 GC heap before
{Heap before GC invocations=19 (full 0):
 garbage-first heap   total 1597440K, used 554088K [0x000000060d000000, 0x0000000800000000)
  region size 4096K, 23 young (94208K), 21 survivors (86016K)
 Metaspace       used 62383K, committed 63360K, reserved 1114112K
  class space    used 8656K, committed 9088K, reserved 1048576K
}
Event: 5.288 GC heap after
{Heap after GC invocations=20 (full 0):
 garbage-first heap   total 1597440K, used 552335K [0x000000060d000000, 0x0000000800000000)
  region size 4096K, 9 young (36864K), 9 survivors (36864K)
 Metaspace       used 62383K, committed 63360K, reserved 1114112K
  class space    used 8656K, committed 9088K, reserved 1048576K
}
Event: 7.313 GC heap before
{Heap before GC invocations=21 (full 0):
 garbage-first heap   total 1597440K, used 1355151K [0x000000060d000000, 0x0000000800000000)
  region size 4096K, 204 young (835584K), 9 survivors (36864K)
 Metaspace       used 87216K, committed 88448K, reserved 1179648K
  class space    used 11940K, committed 12480K, reserved 1048576K
}
Event: 7.324 GC heap after
{Heap after GC invocations=22 (full 0):
 garbage-first heap   total 1597440K, used 588481K [0x000000060d000000, 0x0000000800000000)
  region size 4096K, 17 young (69632K), 17 survivors (69632K)
 Metaspace       used 87216K, committed 88448K, reserved 1179648K
  class space    used 11940K, committed 12480K, reserved 1048576K
}
Event: 8.013 GC heap before
{Heap before GC invocations=22 (full 0):
 garbage-first heap   total 1597440K, used 1358529K [0x000000060d000000, 0x0000000800000000)
  region size 4096K, 206 young (843776K), 17 survivors (69632K)
 Metaspace       used 89940K, committed 91072K, reserved 1179648K
  class space    used 12249K, committed 12736K, reserved 1048576K
}
Event: 8.030 GC heap after
{Heap after GC invocations=23 (full 0):
 garbage-first heap   total 1597440K, used 636832K [0x000000060d000000, 0x0000000800000000)
  region size 4096K, 25 young (102400K), 25 survivors (102400K)
 Metaspace       used 89940K, committed 91072K, reserved 1179648K
  class space    used 12249K, committed 12736K, reserved 1048576K
}

