# JRE version: OpenJDK Runtime Environment Corretto-21.0.4.7.1 (21.0.4+7) (build 21.0.4+7-LTS)
# Java VM: OpenJDK 64-Bit Server VM Corretto-21.0.4.7.1 (21.0.4+7-LTS, mixed mode, sharing, tiered, compressed oops, compressed class ptrs, g1 gc, linux-amd64)
GC Precious Log:
 CardTable entry size: 512
 Card Set container configuration: InlinePtr #cards 4 size 8 Array Of Cards #cards 32 size 80 Howl #buckets 8 coarsen threshold 7372 Howl Bitmap #cards 1024 size 144 coarsen threshold 921 Card regions per heap region 1 cards per card region 8192
 CPUs: 20 total, 20 available
 Memory: 31925M
 Large Page Support: Disabled
 NUMA Support: Disabled
 Compressed Oops: Enabled (Zero based)
 Heap Region Size: 4M
 Heap Min Capacity: 8M
 Heap Initial Capacity: 500M
 Heap Max Capacity: 7984M
 Pre-touch: Disabled
 Parallel Workers: 15
 Concurrent Workers: 4
 Concurrent Refinement Workers: 15
 Periodic GC: Disabled
Heap:
 garbage-first heap   total 1638400K, used 1221093K [0x000000060d000000, 0x0000000800000000)
  region size 4096K, 170 young (696320K), 26 survivors (106496K)
 Metaspace       used 91032K, committed 92224K, reserved 1179648K
  class space    used 12349K, committed 12928K, reserved 1048576K
GC Heap History (20 events):
Event: 1.619 GC heap before
{Heap before GC invocations=10 (full 0):
 garbage-first heap   total 1728512K, used 467998K [0x000000060d000000, 0x0000000800000000)
  region size 4096K, 21 young (86016K), 14 survivors (57344K)
 Metaspace       used 11347K, committed 11584K, reserved 1114112K
  class space    used 1189K, committed 1280K, reserved 1048576K
}
Event: 1.628 GC heap after
{Heap after GC invocations=11 (full 0):
 garbage-first heap   total 1728512K, used 455710K [0x000000060d000000, 0x0000000800000000)
  region size 4096K, 2 young (8192K), 2 survivors (8192K)
 Metaspace       used 11347K, committed 11584K, reserved 1114112K
  class space    used 1189K, committed 1280K, reserved 1048576K
}
Event: 2.024 GC heap before
{Heap before GC invocations=11 (full 0):
 garbage-first heap   total 1728512K, used 590878K [0x000000060d000000, 0x0000000800000000)
  region size 4096K, 36 young (147456K), 2 survivors (8192K)
 Metaspace       used 21257K, committed 21504K, reserved 1114112K
  class space    used 2336K, committed 2432K, reserved 1048576K
}
Event: 2.041 GC heap after
{Heap after GC invocations=12 (full 0):
 garbage-first heap   total 1728512K, used 498391K [0x000000060d000000, 0x0000000800000000)
  region size 4096K, 13 young (53248K), 13 survivors (53248K)
 Metaspace       used 21257K, committed 21504K, reserved 1114112K
  class space    used 2336K, committed 2432K, reserved 1048576K
}
Event: 3.331 GC heap before
{Heap before GC invocations=13 (full 0):
 garbage-first heap   total 1585152K, used 1047255K [0x000000060d000000, 0x0000000800000000)
  region size 4096K, 152 young (622592K), 13 survivors (53248K)
 Metaspace       used 35853K, committed 36480K, reserved 1114112K
  class space    used 4049K, committed 4352K, reserved 1048576K
}
Event: 3.339 GC heap after
{Heap after GC invocations=14 (full 0):
 garbage-first heap   total 1585152K, used 502751K [0x000000060d000000, 0x0000000800000000)
  region size 4096K, 6 young (24576K), 6 survivors (24576K)
 Metaspace       used 35853K, committed 36480K, reserved 1114112K
  class space    used 4049K, committed 4352K, reserved 1048576K
}
Event: 3.352 GC heap before
{Heap before GC invocations=14 (full 0):
 garbage-first heap   total 1585152K, used 510943K [0x000000060d000000, 0x0000000800000000)
  region size 4096K, 9 young (36864K), 6 survivors (24576K)
 Metaspace       used 36172K, committed 36800K, reserved 1114112K
  class space    used 4113K, committed 4416K, reserved 1048576K
}
Event: 3.354 GC heap after
{Heap after GC invocations=15 (full 0):
 garbage-first heap   total 1585152K, used 485291K [0x000000060d000000, 0x0000000800000000)
  region size 4096K, 5 young (20480K), 5 survivors (20480K)
 Metaspace       used 36172K, committed 36800K, reserved 1114112K
  class space    used 4113K, committed 4416K, reserved 1048576K
}
Event: 3.371 GC heap before
{Heap before GC invocations=15 (full 0):
 garbage-first heap   total 1585152K, used 493483K [0x000000060d000000, 0x0000000800000000)
  region size 4096K, 8 young (32768K), 5 survivors (20480K)
 Metaspace       used 36508K, committed 37120K, reserved 1114112K
  class space    used 4192K, committed 4480K, reserved 1048576K
}
Event: 3.375 GC heap after
{Heap after GC invocations=16 (full 0):
 garbage-first heap   total 2826240K, used 484753K [0x000000060d000000, 0x0000000800000000)
  region size 4096K, 5 young (20480K), 5 survivors (20480K)
 Metaspace       used 36508K, committed 37120K, reserved 1114112K
  class space    used 4192K, committed 4480K, reserved 1048576K
}
Event: 4.913 GC heap before
{Heap before GC invocations=17 (full 0):
 garbage-first heap   total 1638400K, used 1447313K [0x000000060d000000, 0x0000000800000000)
  region size 4096K, 240 young (983040K), 5 survivors (20480K)
 Metaspace       used 55640K, committed 56512K, reserved 1114112K
  class space    used 7301K, committed 7744K, reserved 1048576K
}
Event: 4.934 GC heap after
{Heap after GC invocations=18 (full 0):
 garbage-first heap   total 1638400K, used 561091K [0x000000060d000000, 0x0000000800000000)
  region size 4096K, 24 young (98304K), 24 survivors (98304K)
 Metaspace       used 55640K, committed 56512K, reserved 1114112K
  class space    used 7301K, committed 7744K, reserved 1048576K
}
Event: 5.195 GC heap before
{Heap before GC invocations=18 (full 0):
 garbage-first heap   total 1638400K, used 683971K [0x000000060d000000, 0x0000000800000000)
  region size 4096K, 55 young (225280K), 24 survivors (98304K)
 Metaspace       used 62101K, committed 63040K, reserved 1114112K
  class space    used 8585K, committed 9024K, reserved 1048576K
}
Event: 5.213 GC heap after
{Heap after GC invocations=19 (full 0):
 garbage-first heap   total 1638400K, used 554587K [0x000000060d000000, 0x0000000800000000)
  region size 4096K, 3 young (12288K), 3 survivors (12288K)
 Metaspace       used 62101K, committed 63040K, reserved 1114112K
  class space    used 8585K, committed 9024K, reserved 1048576K
}
Event: 5.223 GC heap before
{Heap before GC invocations=19 (full 0):
 garbage-first heap   total 1638400K, used 558683K [0x000000060d000000, 0x0000000800000000)
  region size 4096K, 5 young (20480K), 3 survivors (12288K)
 Metaspace       used 62364K, committed 63360K, reserved 1114112K
  class space    used 8646K, committed 9152K, reserved 1048576K
}
Event: 5.225 GC heap after
{Heap after GC invocations=20 (full 0):
 garbage-first heap   total 1638400K, used 546920K [0x000000060d000000, 0x0000000800000000)
  region size 4096K, 2 young (8192K), 2 survivors (8192K)
 Metaspace       used 62364K, committed 63360K, reserved 1114112K
  class space    used 8646K, committed 9152K, reserved 1048576K
}
Event: 7.255 GC heap before
{Heap before GC invocations=21 (full 0):
 garbage-first heap   total 1638400K, used 1386600K [0x000000060d000000, 0x0000000800000000)
  region size 4096K, 207 young (847872K), 2 survivors (8192K)
 Metaspace       used 87278K, committed 88448K, reserved 1179648K
  class space    used 11952K, committed 12480K, reserved 1048576K
}
Event: 7.262 GC heap after
{Heap after GC invocations=22 (full 0):
 garbage-first heap   total 1638400K, used 588304K [0x000000060d000000, 0x0000000800000000)
  region size 4096K, 11 young (45056K), 11 survivors (45056K)
 Metaspace       used 87278K, committed 88448K, reserved 1179648K
  class space    used 11952K, committed 12480K, reserved 1048576K
}
Event: 7.903 GC heap before
{Heap before GC invocations=22 (full 0):
 garbage-first heap   total 1638400K, used 1423888K [0x000000060d000000, 0x0000000800000000)
  region size 4096K, 216 young (884736K), 11 survivors (45056K)
 Metaspace       used 89977K, committed 91200K, reserved 1179648K
  class space    used 12257K, committed 12800K, reserved 1048576K
}
Event: 7.917 GC heap after
{Heap after GC invocations=23 (full 0):
 garbage-first heap   total 1638400K, used 639461K [0x000000060d000000, 0x0000000800000000)
  region size 4096K, 26 young (106496K), 26 survivors (106496K)
 Metaspace       used 89977K, committed 91200K, reserved 1179648K
  class space    used 12257K, committed 12800K, reserved 1048576K
}

