# JRE version: OpenJDK Runtime Environment Corretto-21.0.4.7.1 (21.0.4+7) (build 21.0.4+7-LTS)
# Java VM: OpenJDK 64-Bit Server VM Corretto-21.0.4.7.1 (21.0.4+7-LTS, mixed mode, sharing, tiered, compressed oops, compressed class ptrs, g1 gc, linux-amd64)
GC Precious Log:
 CardTable entry size: 512
 Card Set container configuration: InlinePtr #cards 4 size 8 Array Of Cards #cards 32 size 80 Howl #buckets 8 coarsen threshold 7372 Howl Bitmap #cards 1024 size 144 coarsen threshold 921 Card regions per heap region 1 cards per card region 8192
 CPUs: 20 total, 20 available
 Memory: 31925M
 Large Page Support: Disabled
 NUMA Support: Disabled
 Compressed Oops: Enabled (Zero based)
 Heap Region Size: 4M
 Heap Min Capacity: 8M
 Heap Initial Capacity: 500M
 Heap Max Capacity: 7984M
 Pre-touch: Disabled
 Parallel Workers: 15
 Concurrent Workers: 4
 Concurrent Refinement Workers: 15
 Periodic GC: Disabled
Heap:
 garbage-first heap   total 1597440K, used 801389K [0x000000060d000000, 0x0000000800000000)
  region size 4096K, 69 young (282624K), 25 survivors (102400K)
 Metaspace       used 92304K, committed 93504K, reserved 1179648K
  class space    used 12592K, committed 13184K, reserved 1048576K
GC Heap History (20 events):
Event: 2.127 GC heap before
{Heap before GC invocations=10 (full 0):
 garbage-first heap   total 1835008K, used 670869K [0x000000060d000000, 0x0000000800000000)
  region size 4096K, 82 young (335872K), 9 survivors (36864K)
 Metaspace       used 20816K, committed 21056K, reserved 1114112K
  class space    used 2270K, committed 2368K, reserved 1048576K
}
Event: 2.155 GC heap after
{Heap after GC invocations=11 (full 0):
 garbage-first heap   total 1835008K, used 506943K [0x000000060d000000, 0x0000000800000000)
  region size 4096K, 11 young (45056K), 11 survivors (45056K)
 Metaspace       used 20816K, committed 21056K, reserved 1114112K
  class space    used 2270K, committed 2368K, reserved 1048576K
}
Event: 2.183 GC heap before
{Heap before GC invocations=11 (full 0):
 garbage-first heap   total 1835008K, used 523327K [0x000000060d000000, 0x0000000800000000)
  region size 4096K, 16 young (65536K), 11 survivors (45056K)
 Metaspace       used 21203K, committed 21504K, reserved 1114112K
  class space    used 2326K, committed 2432K, reserved 1048576K
}
Event: 2.189 GC heap after
{Heap after GC invocations=12 (full 0):
 garbage-first heap   total 1835008K, used 526434K [0x000000060d000000, 0x0000000800000000)
  region size 4096K, 3 young (12288K), 3 survivors (12288K)
 Metaspace       used 21203K, committed 21504K, reserved 1114112K
  class space    used 2326K, committed 2432K, reserved 1048576K
}
Event: 3.093 GC heap before
{Heap before GC invocations=13 (full 0):
 garbage-first heap   total 1597440K, used 866402K [0x000000060d000000, 0x0000000800000000)
  region size 4096K, 96 young (393216K), 3 survivors (12288K)
 Metaspace       used 32062K, committed 32768K, reserved 1114112K
  class space    used 3621K, committed 3968K, reserved 1048576K
}
Event: 3.100 GC heap after
{Heap after GC invocations=14 (full 0):
 garbage-first heap   total 1597440K, used 498795K [0x000000060d000000, 0x0000000800000000)
  region size 4096K, 6 young (24576K), 6 survivors (24576K)
 Metaspace       used 32062K, committed 32768K, reserved 1114112K
  class space    used 3621K, committed 3968K, reserved 1048576K
}
Event: 3.479 GC heap before
{Heap before GC invocations=14 (full 0):
 garbage-first heap   total 1597440K, used 691307K [0x000000060d000000, 0x0000000800000000)
  region size 4096K, 54 young (221184K), 6 survivors (24576K)
 Metaspace       used 36038K, committed 36608K, reserved 1114112K
  class space    used 4084K, committed 4352K, reserved 1048576K
}
Event: 3.483 GC heap after
{Heap after GC invocations=15 (full 0):
 garbage-first heap   total 1597440K, used 483770K [0x000000060d000000, 0x0000000800000000)
  region size 4096K, 7 young (28672K), 7 survivors (28672K)
 Metaspace       used 36038K, committed 36608K, reserved 1114112K
  class space    used 4084K, committed 4352K, reserved 1048576K
}
Event: 3.499 GC heap before
{Heap before GC invocations=15 (full 0):
 garbage-first heap   total 1597440K, used 491962K [0x000000060d000000, 0x0000000800000000)
  region size 4096K, 10 young (40960K), 7 survivors (28672K)
 Metaspace       used 36322K, committed 36928K, reserved 1114112K
  class space    used 4148K, committed 4416K, reserved 1048576K
}
Event: 3.502 GC heap after
{Heap after GC invocations=16 (full 0):
 garbage-first heap   total 1597440K, used 483531K [0x000000060d000000, 0x0000000800000000)
  region size 4096K, 6 young (24576K), 6 survivors (24576K)
 Metaspace       used 36322K, committed 36928K, reserved 1114112K
  class space    used 4148K, committed 4416K, reserved 1048576K
}
Event: 4.980 GC heap before
{Heap before GC invocations=17 (full 0):
 garbage-first heap   total 1597440K, used 1347787K [0x000000060d000000, 0x0000000800000000)
  region size 4096K, 217 young (888832K), 6 survivors (24576K)
 Metaspace       used 54653K, committed 55488K, reserved 1114112K
  class space    used 7137K, committed 7552K, reserved 1048576K
}
Event: 5.005 GC heap after
{Heap after GC invocations=18 (full 0):
 garbage-first heap   total 1597440K, used 553163K [0x000000060d000000, 0x0000000800000000)
  region size 4096K, 23 young (94208K), 23 survivors (94208K)
 Metaspace       used 54653K, committed 55488K, reserved 1114112K
  class space    used 7137K, committed 7552K, reserved 1048576K
}
Event: 5.413 GC heap before
{Heap before GC invocations=18 (full 0):
 garbage-first heap   total 1597440K, used 782539K [0x000000060d000000, 0x0000000800000000)
  region size 4096K, 80 young (327680K), 23 survivors (94208K)
 Metaspace       used 62142K, committed 63040K, reserved 1114112K
  class space    used 8593K, committed 9024K, reserved 1048576K
}
Event: 5.431 GC heap after
{Heap after GC invocations=19 (full 0):
 garbage-first heap   total 1597440K, used 552857K [0x000000060d000000, 0x0000000800000000)
  region size 4096K, 5 young (20480K), 5 survivors (20480K)
 Metaspace       used 62142K, committed 63040K, reserved 1114112K
  class space    used 8593K, committed 9024K, reserved 1048576K
}
Event: 5.442 GC heap before
{Heap before GC invocations=19 (full 0):
 garbage-first heap   total 1597440K, used 556953K [0x000000060d000000, 0x0000000800000000)
  region size 4096K, 7 young (28672K), 5 survivors (20480K)
 Metaspace       used 62407K, committed 63360K, reserved 1114112K
  class space    used 8654K, committed 9088K, reserved 1048576K
}
Event: 5.444 GC heap after
{Heap after GC invocations=20 (full 0):
 garbage-first heap   total 1597440K, used 545368K [0x000000060d000000, 0x0000000800000000)
  region size 4096K, 3 young (12288K), 3 survivors (12288K)
 Metaspace       used 62407K, committed 63360K, reserved 1114112K
  class space    used 8654K, committed 9088K, reserved 1048576K
}
Event: 7.534 GC heap before
{Heap before GC invocations=21 (full 0):
 garbage-first heap   total 1597440K, used 1376856K [0x000000060d000000, 0x0000000800000000)
  region size 4096K, 205 young (839680K), 3 survivors (12288K)
 Metaspace       used 87166K, committed 88320K, reserved 1179648K
  class space    used 11929K, committed 12480K, reserved 1048576K
}
Event: 7.543 GC heap after
{Heap after GC invocations=22 (full 0):
 garbage-first heap   total 1597440K, used 581871K [0x000000060d000000, 0x0000000800000000)
  region size 4096K, 11 young (45056K), 11 survivors (45056K)
 Metaspace       used 87166K, committed 88320K, reserved 1179648K
  class space    used 11929K, committed 12480K, reserved 1048576K
}
Event: 37.175 GC heap before
{Heap before GC invocations=22 (full 0):
 garbage-first heap   total 1597440K, used 1409263K [0x000000060d000000, 0x0000000800000000)
  region size 4096K, 214 young (876544K), 11 survivors (45056K)
 Metaspace       used 92166K, committed 93376K, reserved 1179648K
  class space    used 12555K, committed 13120K, reserved 1048576K
}
Event: 37.212 GC heap after
{Heap after GC invocations=23 (full 0):
 garbage-first heap   total 1597440K, used 625261K [0x000000060d000000, 0x0000000800000000)
  region size 4096K, 25 young (102400K), 25 survivors (102400K)
 Metaspace       used 92166K, committed 93376K, reserved 1179648K
  class space    used 12555K, committed 13120K, reserved 1048576K
}

