# JRE version: OpenJDK Runtime Environment Corretto-21.0.4.7.1 (21.0.4+7) (build 21.0.4+7-LTS)
# Java VM: OpenJDK 64-Bit Server VM Corretto-21.0.4.7.1 (21.0.4+7-LTS, mixed mode, sharing, tiered, compressed oops, compressed class ptrs, g1 gc, linux-amd64)
GC Precious Log:
 CardTable entry size: 512
 Card Set container configuration: InlinePtr #cards 4 size 8 Array Of Cards #cards 32 size 80 Howl #buckets 8 coarsen threshold 7372 Howl Bitmap #cards 1024 size 144 coarsen threshold 921 Card regions per heap region 1 cards per card region 8192
 CPUs: 20 total, 20 available
 Memory: 31925M
 Large Page Support: Disabled
 NUMA Support: Disabled
 Compressed Oops: Enabled (Zero based)
 Heap Region Size: 4M
 Heap Min Capacity: 8M
 Heap Initial Capacity: 500M
 Heap Max Capacity: 7984M
 Pre-touch: Disabled
 Parallel Workers: 15
 Concurrent Workers: 4
 Concurrent Refinement Workers: 15
 Periodic GC: Disabled
Heap:
 garbage-first heap   total 1597440K, used 647307K [0x000000060d000000, 0x0000000800000000)
  region size 4096K, 28 young (114688K), 23 survivors (94208K)
 Metaspace       used 92052K, committed 93184K, reserved 1179648K
  class space    used 12565K, committed 13056K, reserved 1048576K
GC Heap History (20 events):
Event: 1.862 GC heap before
{Heap before GC invocations=10 (full 0):
 garbage-first heap   total 1609728K, used 465383K [0x000000060d000000, 0x0000000800000000)
  region size 4096K, 19 young (77824K), 16 survivors (65536K)
 Metaspace       used 18528K, committed 18816K, reserved 1114112K
  class space    used 1980K, committed 2112K, reserved 1048576K
}
Event: 1.872 GC heap after
{Heap after GC invocations=11 (full 0):
 garbage-first heap   total 1609728K, used 476190K [0x000000060d000000, 0x0000000800000000)
  region size 4096K, 3 young (12288K), 3 survivors (12288K)
 Metaspace       used 18528K, committed 18816K, reserved 1114112K
  class space    used 1980K, committed 2112K, reserved 1048576K
}
Event: 2.047 GC heap before
{Heap before GC invocations=11 (full 0):
 garbage-first heap   total 1609728K, used 554014K [0x000000060d000000, 0x0000000800000000)
  region size 4096K, 23 young (94208K), 3 survivors (12288K)
 Metaspace       used 21207K, committed 21504K, reserved 1114112K
  class space    used 2324K, committed 2432K, reserved 1048576K
}
Event: 2.052 GC heap after
{Heap after GC invocations=12 (full 0):
 garbage-first heap   total 1609728K, used 501554K [0x000000060d000000, 0x0000000800000000)
  region size 4096K, 10 young (40960K), 10 survivors (40960K)
 Metaspace       used 21207K, committed 21504K, reserved 1114112K
  class space    used 2324K, committed 2432K, reserved 1048576K
}
Event: 2.706 GC heap before
{Heap before GC invocations=13 (full 0):
 garbage-first heap   total 1597440K, used 771890K [0x000000060d000000, 0x0000000800000000)
  region size 4096K, 80 young (327680K), 10 survivors (40960K)
 Metaspace       used 30094K, committed 30656K, reserved 1114112K
  class space    used 3390K, committed 3648K, reserved 1048576K
}
Event: 2.713 GC heap after
{Heap after GC invocations=14 (full 0):
 garbage-first heap   total 1597440K, used 500105K [0x000000060d000000, 0x0000000800000000)
  region size 4096K, 4 young (16384K), 4 survivors (16384K)
 Metaspace       used 30094K, committed 30656K, reserved 1114112K
  class space    used 3390K, committed 3648K, reserved 1048576K
}
Event: 3.306 GC heap before
{Heap before GC invocations=14 (full 0):
 garbage-first heap   total 1597440K, used 786825K [0x000000060d000000, 0x0000000800000000)
  region size 4096K, 75 young (307200K), 4 survivors (16384K)
 Metaspace       used 36041K, committed 36608K, reserved 1114112K
  class space    used 4084K, committed 4352K, reserved 1048576K
}
Event: 3.309 GC heap after
{Heap after GC invocations=15 (full 0):
 garbage-first heap   total 1597440K, used 483981K [0x000000060d000000, 0x0000000800000000)
  region size 4096K, 5 young (20480K), 5 survivors (20480K)
 Metaspace       used 36041K, committed 36608K, reserved 1114112K
  class space    used 4084K, committed 4352K, reserved 1048576K
}
Event: 3.325 GC heap before
{Heap before GC invocations=15 (full 0):
 garbage-first heap   total 1597440K, used 492173K [0x000000060d000000, 0x0000000800000000)
  region size 4096K, 8 young (32768K), 5 survivors (20480K)
 Metaspace       used 36327K, committed 36928K, reserved 1114112K
  class space    used 4148K, committed 4416K, reserved 1048576K
}
Event: 3.328 GC heap after
{Heap after GC invocations=16 (full 0):
 garbage-first heap   total 1597440K, used 484605K [0x000000060d000000, 0x0000000800000000)
  region size 4096K, 5 young (20480K), 5 survivors (20480K)
 Metaspace       used 36327K, committed 36928K, reserved 1114112K
  class space    used 4148K, committed 4416K, reserved 1048576K
}
Event: 4.414 GC heap before
{Heap before GC invocations=17 (full 0):
 garbage-first heap   total 1597440K, used 1099005K [0x000000060d000000, 0x0000000800000000)
  region size 4096K, 155 young (634880K), 5 survivors (20480K)
 Metaspace       used 47491K, committed 48320K, reserved 1114112K
  class space    used 5605K, committed 6016K, reserved 1048576K
}
Event: 4.424 GC heap after
{Heap after GC invocations=18 (full 0):
 garbage-first heap   total 1597440K, used 529649K [0x000000060d000000, 0x0000000800000000)
  region size 4096K, 16 young (65536K), 16 survivors (65536K)
 Metaspace       used 47491K, committed 48320K, reserved 1114112K
  class space    used 5605K, committed 6016K, reserved 1048576K
}
Event: 5.269 GC heap before
{Heap before GC invocations=18 (full 0):
 garbage-first heap   total 1597440K, used 992497K [0x000000060d000000, 0x0000000800000000)
  region size 4096K, 131 young (536576K), 16 survivors (65536K)
 Metaspace       used 61916K, committed 62848K, reserved 1114112K
  class space    used 8546K, committed 9024K, reserved 1048576K
}
Event: 5.282 GC heap after
{Heap after GC invocations=19 (full 0):
 garbage-first heap   total 1597440K, used 549816K [0x000000060d000000, 0x0000000800000000)
  region size 4096K, 21 young (86016K), 21 survivors (86016K)
 Metaspace       used 61916K, committed 62848K, reserved 1114112K
  class space    used 8546K, committed 9024K, reserved 1048576K
}
Event: 5.300 GC heap before
{Heap before GC invocations=19 (full 0):
 garbage-first heap   total 1597440K, used 558008K [0x000000060d000000, 0x0000000800000000)
  region size 4096K, 24 young (98304K), 21 survivors (86016K)
 Metaspace       used 62250K, committed 63168K, reserved 1114112K
  class space    used 8618K, committed 9088K, reserved 1048576K
}
Event: 5.312 GC heap after
{Heap after GC invocations=20 (full 0):
 garbage-first heap   total 1597440K, used 551415K [0x000000060d000000, 0x0000000800000000)
  region size 4096K, 9 young (36864K), 9 survivors (36864K)
 Metaspace       used 62250K, committed 63168K, reserved 1114112K
  class space    used 8618K, committed 9088K, reserved 1048576K
}
Event: 16.054 GC heap before
{Heap before GC invocations=21 (full 0):
 garbage-first heap   total 1597440K, used 1358327K [0x000000060d000000, 0x0000000800000000)
  region size 4096K, 205 young (839680K), 9 survivors (36864K)
 Metaspace       used 87014K, committed 88192K, reserved 1179648K
  class space    used 11897K, committed 12416K, reserved 1048576K
}
Event: 16.068 GC heap after
{Heap after GC invocations=22 (full 0):
 garbage-first heap   total 1597440K, used 587173K [0x000000060d000000, 0x0000000800000000)
  region size 4096K, 17 young (69632K), 17 survivors (69632K)
 Metaspace       used 87014K, committed 88192K, reserved 1179648K
  class space    used 11897K, committed 12416K, reserved 1048576K
}
Event: 22.864 GC heap before
{Heap before GC invocations=22 (full 0):
 garbage-first heap   total 1597440K, used 1361317K [0x000000060d000000, 0x0000000800000000)
  region size 4096K, 207 young (847872K), 17 survivors (69632K)
 Metaspace       used 91966K, committed 93184K, reserved 1179648K
  class space    used 12546K, committed 13056K, reserved 1048576K
}
Event: 22.889 GC heap after
{Heap after GC invocations=23 (full 0):
 garbage-first heap   total 1597440K, used 630923K [0x000000060d000000, 0x0000000800000000)
  region size 4096K, 23 young (94208K), 23 survivors (94208K)
 Metaspace       used 91966K, committed 93184K, reserved 1179648K
  class space    used 12546K, committed 13056K, reserved 1048576K
}

