# JRE version: OpenJDK Runtime Environment Corretto-21.0.4.7.1 (21.0.4+7) (build 21.0.4+7-LTS)
# Java VM: OpenJDK 64-Bit Server VM Corretto-21.0.4.7.1 (21.0.4+7-LTS, mixed mode, sharing, tiered, compressed oops, compressed class ptrs, g1 gc, linux-amd64)
GC Precious Log:
 CardTable entry size: 512
 Card Set container configuration: InlinePtr #cards 4 size 8 Array Of Cards #cards 32 size 80 Howl #buckets 8 coarsen threshold 7372 Howl Bitmap #cards 1024 size 144 coarsen threshold 921 Card regions per heap region 1 cards per card region 8192
 CPUs: 20 total, 20 available
 Memory: 31925M
 Large Page Support: Disabled
 NUMA Support: Disabled
 Compressed Oops: Enabled (Zero based)
 Heap Region Size: 4M
 Heap Min Capacity: 8M
 Heap Initial Capacity: 500M
 Heap Max Capacity: 7984M
 Pre-touch: Disabled
 Parallel Workers: 15
 Concurrent Workers: 4
 Concurrent Refinement Workers: 15
 Periodic GC: Disabled
Heap:
 garbage-first heap   total 1556480K, used 792214K [0x000000060d000000, 0x0000000800000000)
  region size 4096K, 57 young (233472K), 7 survivors (28672K)
 Metaspace       used 25466K, committed 25984K, reserved 1114112K
  class space    used 2891K, committed 3136K, reserved 1048576K
GC Heap History (20 events):
Event: 0.812 GC heap before
{Heap before GC invocations=5 (full 0):
 garbage-first heap   total 696320K, used 274557K [0x000000060d000000, 0x0000000800000000)
  region size 4096K, 41 young (167936K), 10 survivors (40960K)
 Metaspace       used 3848K, committed 4032K, reserved 1114112K
  class space    used 352K, committed 448K, reserved 1048576K
}
Event: 0.818 GC heap after
{Heap after GC invocations=6 (full 0):
 garbage-first heap   total 696320K, used 183004K [0x000000060d000000, 0x0000000800000000)
  region size 4096K, 6 young (24576K), 6 survivors (24576K)
 Metaspace       used 3848K, committed 4032K, reserved 1114112K
  class space    used 352K, committed 448K, reserved 1048576K
}
Event: 0.992 GC heap before
{Heap before GC invocations=6 (full 0):
 garbage-first heap   total 696320K, used 330460K [0x000000060d000000, 0x0000000800000000)
  region size 4096K, 42 young (172032K), 6 survivors (24576K)
 Metaspace       used 3849K, committed 4032K, reserved 1114112K
  class space    used 352K, committed 448K, reserved 1048576K
}
Event: 0.998 GC heap after
{Heap after GC invocations=7 (full 0):
 garbage-first heap   total 696320K, used 204114K [0x000000060d000000, 0x0000000800000000)
  region size 4096K, 6 young (24576K), 6 survivors (24576K)
 Metaspace       used 3849K, committed 4032K, reserved 1114112K
  class space    used 352K, committed 448K, reserved 1048576K
}
Event: 1.256 GC heap before
{Heap before GC invocations=7 (full 0):
 garbage-first heap   total 696320K, used 429394K [0x000000060d000000, 0x0000000800000000)
  region size 4096K, 56 young (229376K), 6 survivors (24576K)
 Metaspace       used 3858K, committed 4096K, reserved 1114112K
  class space    used 352K, committed 448K, reserved 1048576K
}
Event: 1.260 GC heap after
{Heap after GC invocations=8 (full 0):
 garbage-first heap   total 696320K, used 269953K [0x000000060d000000, 0x0000000800000000)
  region size 4096K, 7 young (28672K), 7 survivors (28672K)
 Metaspace       used 3858K, committed 4096K, reserved 1114112K
  class space    used 352K, committed 448K, reserved 1048576K
}
Event: 1.416 GC heap before
{Heap before GC invocations=8 (full 0):
 garbage-first heap   total 696320K, used 519809K [0x000000060d000000, 0x0000000800000000)
  region size 4096K, 68 young (278528K), 7 survivors (28672K)
 Metaspace       used 4140K, committed 4352K, reserved 1114112K
  class space    used 373K, committed 448K, reserved 1048576K
}
Event: 1.433 GC heap after
{Heap after GC invocations=9 (full 0):
 garbage-first heap   total 843776K, used 418846K [0x000000060d000000, 0x0000000800000000)
  region size 4096K, 9 young (36864K), 9 survivors (36864K)
 Metaspace       used 4140K, committed 4352K, reserved 1114112K
  class space    used 373K, committed 448K, reserved 1048576K
}
Event: 1.596 GC heap before
{Heap before GC invocations=9 (full 0):
 garbage-first heap   total 843776K, used 627742K [0x000000060d000000, 0x0000000800000000)
  region size 4096K, 60 young (245760K), 9 survivors (36864K)
 Metaspace       used 5221K, committed 5376K, reserved 1114112K
  class space    used 499K, committed 576K, reserved 1048576K
}
Event: 1.613 GC heap after
{Heap after GC invocations=10 (full 0):
 garbage-first heap   total 843776K, used 533534K [0x000000060d000000, 0x0000000800000000)
  region size 4096K, 8 young (32768K), 8 survivors (32768K)
 Metaspace       used 5221K, committed 5376K, reserved 1114112K
  class space    used 499K, committed 576K, reserved 1048576K
}
Event: 1.638 GC heap before
{Heap before GC invocations=10 (full 0):
 garbage-first heap   total 843776K, used 599070K [0x000000060d000000, 0x0000000800000000)
  region size 4096K, 24 young (98304K), 8 survivors (32768K)
 Metaspace       used 5221K, committed 5376K, reserved 1114112K
  class space    used 499K, committed 576K, reserved 1048576K
}
Event: 1.646 GC heap after
{Heap after GC invocations=11 (full 0):
 garbage-first heap   total 843776K, used 584131K [0x000000060d000000, 0x0000000800000000)
  region size 4096K, 3 young (12288K), 3 survivors (12288K)
 Metaspace       used 5221K, committed 5376K, reserved 1114112K
  class space    used 499K, committed 576K, reserved 1048576K
}
Event: 1.673 GC heap before
{Heap before GC invocations=11 (full 0):
 garbage-first heap   total 942080K, used 674243K [0x000000060d000000, 0x0000000800000000)
  region size 4096K, 31 young (126976K), 3 survivors (12288K)
 Metaspace       used 5221K, committed 5376K, reserved 1114112K
  class space    used 499K, committed 576K, reserved 1048576K
}
Event: 1.682 GC heap after
{Heap after GC invocations=12 (full 0):
 garbage-first heap   total 942080K, used 635627K [0x000000060d000000, 0x0000000800000000)
  region size 4096K, 4 young (16384K), 4 survivors (16384K)
 Metaspace       used 5221K, committed 5376K, reserved 1114112K
  class space    used 499K, committed 576K, reserved 1048576K
}
Event: 1.908 GC heap before
{Heap before GC invocations=13 (full 0):
 garbage-first heap   total 942080K, used 762603K [0x000000060d000000, 0x0000000800000000)
  region size 4096K, 36 young (147456K), 4 survivors (16384K)
 Metaspace       used 7564K, committed 7744K, reserved 1114112K
  class space    used 750K, committed 832K, reserved 1048576K
}
Event: 1.918 GC heap after
{Heap after GC invocations=14 (full 0):
 garbage-first heap   total 942080K, used 703265K [0x000000060d000000, 0x0000000800000000)
  region size 4096K, 5 young (20480K), 5 survivors (20480K)
 Metaspace       used 7564K, committed 7744K, reserved 1114112K
  class space    used 750K, committed 832K, reserved 1048576K
}
Event: 2.045 GC heap before
{Heap before GC invocations=14 (full 0):
 garbage-first heap   total 942080K, used 801569K [0x000000060d000000, 0x0000000800000000)
  region size 4096K, 29 young (118784K), 5 survivors (20480K)
 Metaspace       used 7654K, committed 7872K, reserved 1114112K
  class space    used 750K, committed 832K, reserved 1048576K
}
Event: 2.049 GC heap after
{Heap after GC invocations=15 (full 0):
 garbage-first heap   total 1556480K, used 698704K [0x000000060d000000, 0x0000000800000000)
  region size 4096K, 3 young (12288K), 3 survivors (12288K)
 Metaspace       used 7654K, committed 7872K, reserved 1114112K
  class space    used 750K, committed 832K, reserved 1048576K
}
Event: 2.862 GC heap before
{Heap before GC invocations=15 (full 0):
 garbage-first heap   total 1556480K, used 1034576K [0x000000060d000000, 0x0000000800000000)
  region size 4096K, 86 young (352256K), 3 survivors (12288K)
 Metaspace       used 21127K, committed 21504K, reserved 1114112K
  class space    used 2381K, committed 2560K, reserved 1048576K
}
Event: 2.866 GC heap after
{Heap after GC invocations=16 (full 0):
 garbage-first heap   total 1556480K, used 714390K [0x000000060d000000, 0x0000000800000000)
  region size 4096K, 7 young (28672K), 7 survivors (28672K)
 Metaspace       used 21127K, committed 21504K, reserved 1114112K
  class space    used 2381K, committed 2560K, reserved 1048576K
}

